2021-10-22 14:50:27 INFO     Initializing new test case config
2021-10-22 14:50:27 INFO     Initialized new test case config {'window_size': 1, 'exclude_size': 1, 'seed': 'consistency', 'f': 1, 'timeout': 1, 'nReplicas': 4, 'nClients': 3, 'default_testcase': 'test_case_config1.json', 'delta': 0.25, 'num_transactions': 2, 'test_case_details': 'Default test case'}
2021-10-22 14:50:27 INFO     Setting up validators
2021-10-22 14:50:27 INFO     Setting up client0
2021-10-22 14:50:27 INFO     Setting up client1
2021-10-22 14:50:27 INFO     Setting up client2
2021-10-22 14:50:28 INFO     Node:0 : PROCESSING NEW ROUND EVENT
2021-10-22 14:50:29 INFO     Node:1 : PROCESSING NEW ROUND EVENT
2021-10-22 14:50:29 INFO     VERIFIED VOTE MESSAGE
2021-10-22 14:50:29 INFO     Node:1 : ***********Processing Vote***************
2021-10-22 14:50:29 INFO     Node:1 : PROCESSING NEW ROUND EVENT
2021-10-22 14:50:29 INFO     VERIFIED VOTE MESSAGE
2021-10-22 14:50:29 INFO     Node:1 : ***********Processing Vote***************
2021-10-22 14:50:29 INFO     VERIFIED VOTE MESSAGE
2021-10-22 14:50:29 INFO     VERIFIED VOTE MESSAGE
2021-10-22 14:50:29 INFO     Node:1 : ***********Processing Vote***************
2021-10-22 14:50:29 INFO     Node:2 : ***********Processing Vote***************
2021-10-22 14:50:29 INFO     VERIFIED VOTE MESSAGE
2021-10-22 14:50:29 INFO     Node:1 : ***********Processing Vote***************
2021-10-22 14:50:29 INFO     Comitting Block to ledger with BlockID : 1#2#0#genesis_id
2021-10-22 14:50:29 INFO     Node:2 : PROCESSING NEW ROUND EVENT
2021-10-22 14:50:29 INFO     VERIFIED VOTE MESSAGE
2021-10-22 14:50:29 INFO     Comitting Block to ledger with BlockID : 1#2#0#genesis_id
2021-10-22 14:50:29 INFO     Comitting Block to ledger with BlockID : 1#2#0#genesis_id
2021-10-22 14:50:29 INFO     Node:2 : ***********Processing Vote***************
2021-10-22 14:50:29 INFO     Comitting Block to ledger with BlockID : 1#2#0#genesis_id
2021-10-22 14:50:29 INFO     VERIFIED VOTE MESSAGE
2021-10-22 14:50:29 INFO     Node:2 : ***********Processing Vote***************
2021-10-22 14:50:29 INFO     VERIFIED VOTE MESSAGE
2021-10-22 14:50:29 INFO     Node:2 : ***********Processing Vote***************
2021-10-22 14:50:30 INFO     Node:2 : PROCESSING NEW ROUND EVENT
2021-10-22 14:50:31 INFO     Node:3 : PROCESSING NEW ROUND EVENT
2021-10-22 14:50:32 INFO     Node:3 : PROCESSING NEW ROUND EVENT
2021-10-22 14:50:33 INFO     Node:0 : PROCESSING NEW ROUND EVENT
2021-10-22 14:50:34 INFO     Node:0 : PROCESSING NEW ROUND EVENT
2021-10-22 14:50:35 INFO     Node:1 : PROCESSING NEW ROUND EVENT
2021-10-22 14:50:35 INFO     VERIFIED VOTE MESSAGE
2021-10-22 14:50:35 INFO     Node:1 : ***********Processing Vote***************
2021-10-22 14:50:35 INFO     Node:1 : PROCESSING NEW ROUND EVENT
2021-10-22 14:50:35 INFO     VERIFIED VOTE MESSAGE
2021-10-22 14:50:35 INFO     Node:1 : ***********Processing Vote***************
2021-10-22 14:50:35 INFO     VERIFIED VOTE MESSAGE
2021-10-22 14:50:35 INFO     Node:1 : ***********Processing Vote***************
2021-10-22 14:50:35 INFO     VERIFIED VOTE MESSAGE
2021-10-22 14:50:35 INFO     Node:2 : ***********Processing Vote***************
2021-10-22 14:50:35 INFO     VERIFIED VOTE MESSAGE
2021-10-22 14:50:35 INFO     Node:1 : ***********Processing Vote***************
2021-10-22 14:50:35 INFO     Comitting Block to ledger with BlockID : 1#3#4#1#2#0#genesis_id
2021-10-22 14:50:35 INFO     Comitting Block to ledger with BlockID : 1#10#8#1#3#4#1#2#0#genesis_id
2021-10-22 14:50:35 INFO     Node:2 : PROCESSING NEW ROUND EVENT
2021-10-22 14:50:35 INFO     Comitting Block to ledger with BlockID : 1#3#4#1#2#0#genesis_id
2021-10-22 14:50:35 INFO     Comitting Block to ledger with BlockID : 1#3#4#1#2#0#genesis_id
2021-10-22 14:50:35 INFO     VERIFIED VOTE MESSAGE
2021-10-22 14:50:35 INFO     Node:2 : ***********Processing Vote***************
2021-10-22 14:50:35 INFO     Comitting Block to ledger with BlockID : 1#10#8#1#3#4#1#2#0#genesis_id
2021-10-22 14:50:35 INFO     Comitting Block to ledger with BlockID : 1#10#8#1#3#4#1#2#0#genesis_id
2021-10-22 14:50:35 INFO     Comitting Block to ledger with BlockID : 1#3#4#1#2#0#genesis_id
2021-10-22 14:50:35 INFO     VERIFIED VOTE MESSAGE
2021-10-22 14:50:35 INFO     Comitting Block to ledger with BlockID : 1#10#8#1#3#4#1#2#0#genesis_id
2021-10-22 14:50:35 INFO     Node:2 : ***********Processing Vote***************
2021-10-22 14:50:35 INFO     VERIFIED VOTE MESSAGE
2021-10-22 14:50:35 INFO     Node:2 : ***********Processing Vote***************
2021-10-22 14:50:36 INFO     Node:2 : PROCESSING NEW ROUND EVENT
2021-10-22 14:50:37 INFO     Node:3 : PROCESSING NEW ROUND EVENT
2021-10-22 14:50:38 INFO     Node:3 : PROCESSING NEW ROUND EVENT
2021-10-22 14:50:39 INFO     Node:0 : PROCESSING NEW ROUND EVENT
2021-10-22 14:50:40 INFO     Node:0 : PROCESSING NEW ROUND EVENT
2021-10-22 14:50:41 INFO     Node:1 : PROCESSING NEW ROUND EVENT
2021-10-22 14:50:41 INFO     VERIFIED VOTE MESSAGE
2021-10-22 14:50:41 INFO     Node:1 : ***********Processing Vote***************
2021-10-22 14:50:41 INFO     Node:1 : PROCESSING NEW ROUND EVENT
2021-10-22 14:50:41 INFO     VERIFIED VOTE MESSAGE
2021-10-22 14:50:41 INFO     Node:1 : ***********Processing Vote***************
2021-10-22 14:50:41 INFO     VERIFIED VOTE MESSAGE
2021-10-22 14:50:41 INFO     Node:1 : ***********Processing Vote***************
2021-10-22 14:50:41 INFO     VERIFIED VOTE MESSAGE
2021-10-22 14:50:41 INFO     VERIFIED VOTE MESSAGE
2021-10-22 14:50:41 INFO     Node:2 : ***********Processing Vote***************
2021-10-22 14:50:41 INFO     Node:1 : ***********Processing Vote***************
2021-10-22 14:50:41 INFO     Comitting Block to ledger with BlockID : 1#11#5#1#10#8#1#3#4#1#2#0#genesis_id
2021-10-22 14:50:41 INFO     Comitting Block to ledger with BlockID : 1#18#1#1#11#5#1#10#8#1#3#4#1#2#0#genesis_id
2021-10-22 14:50:41 INFO     Node:2 : PROCESSING NEW ROUND EVENT
2021-10-22 14:50:41 INFO     VERIFIED VOTE MESSAGE
2021-10-22 14:50:41 INFO     Comitting Block to ledger with BlockID : 1#11#5#1#10#8#1#3#4#1#2#0#genesis_id
2021-10-22 14:50:41 INFO     Comitting Block to ledger with BlockID : 1#11#5#1#10#8#1#3#4#1#2#0#genesis_id
2021-10-22 14:50:41 INFO     Comitting Block to ledger with BlockID : 1#11#5#1#10#8#1#3#4#1#2#0#genesis_id
2021-10-22 14:50:41 INFO     Node:2 : ***********Processing Vote***************
2021-10-22 14:50:41 INFO     Comitting Block to ledger with BlockID : 1#18#1#1#11#5#1#10#8#1#3#4#1#2#0#genesis_id
2021-10-22 14:50:41 INFO     Comitting Block to ledger with BlockID : 1#18#1#1#11#5#1#10#8#1#3#4#1#2#0#genesis_id
2021-10-22 14:50:41 INFO     Comitting Block to ledger with BlockID : 1#18#1#1#11#5#1#10#8#1#3#4#1#2#0#genesis_id
2021-10-22 14:50:41 INFO     VERIFIED VOTE MESSAGE
2021-10-22 14:50:41 INFO     Node:2 : ***********Processing Vote***************
2021-10-22 14:50:41 INFO     VERIFIED VOTE MESSAGE
2021-10-22 14:50:41 INFO     Node:2 : ***********Processing Vote***************
2021-10-22 14:50:42 INFO     Node:2 : PROCESSING NEW ROUND EVENT
2021-10-22 14:50:43 INFO     Node:3 : PROCESSING NEW ROUND EVENT
2021-10-22 14:50:44 INFO     Node:3 : PROCESSING NEW ROUND EVENT
2021-10-22 14:50:45 INFO     Node:0 : PROCESSING NEW ROUND EVENT
2021-10-22 14:50:46 INFO     Node:0 : PROCESSING NEW ROUND EVENT
2021-10-22 14:50:47 INFO     Node:1 : PROCESSING NEW ROUND EVENT
2021-10-22 14:50:47 INFO     VERIFIED VOTE MESSAGE
2021-10-22 14:50:47 INFO     Node:1 : ***********Processing Vote***************
2021-10-22 14:50:47 INFO     Node:1 : PROCESSING NEW ROUND EVENT
2021-10-22 14:50:47 INFO     VERIFIED VOTE MESSAGE
2021-10-22 14:50:47 INFO     Node:1 : ***********Processing Vote***************
2021-10-22 14:50:47 INFO     VERIFIED VOTE MESSAGE
2021-10-22 14:50:47 INFO     Node:1 : ***********Processing Vote***************
2021-10-22 14:50:47 INFO     VERIFIED VOTE MESSAGE
2021-10-22 14:50:47 INFO     Node:2 : ***********Processing Vote***************
2021-10-22 14:50:47 INFO     VERIFIED VOTE MESSAGE
2021-10-22 14:50:47 INFO     Node:1 : ***********Processing Vote***************
2021-10-22 14:50:47 INFO     Comitting Block to ledger with BlockID : 1#19#9#1#18#1#1#11#5#1#10#8#1#3#4#1#2#0#genesis_id
2021-10-22 14:50:47 INFO     Comitting Block to ledger with BlockID : 1#26#2#1#19#9#1#18#1#1#11#5#1#10#8#1#3#4#1#2#0#genesis_id
2021-10-22 14:50:47 INFO     Node:2 : PROCESSING NEW ROUND EVENT
2021-10-22 14:50:47 INFO     Comitting Block to ledger with BlockID : 1#19#9#1#18#1#1#11#5#1#10#8#1#3#4#1#2#0#genesis_id
2021-10-22 14:50:47 INFO     Comitting Block to ledger with BlockID : 1#19#9#1#18#1#1#11#5#1#10#8#1#3#4#1#2#0#genesis_id
2021-10-22 14:50:47 INFO     VERIFIED VOTE MESSAGE
2021-10-22 14:50:47 INFO     Comitting Block to ledger with BlockID : 1#19#9#1#18#1#1#11#5#1#10#8#1#3#4#1#2#0#genesis_id
2021-10-22 14:50:47 INFO     Node:2 : ***********Processing Vote***************
2021-10-22 14:50:47 INFO     Comitting Block to ledger with BlockID : 1#26#2#1#19#9#1#18#1#1#11#5#1#10#8#1#3#4#1#2#0#genesis_id
2021-10-22 14:50:47 INFO     Comitting Block to ledger with BlockID : 1#26#2#1#19#9#1#18#1#1#11#5#1#10#8#1#3#4#1#2#0#genesis_id
2021-10-22 14:50:47 INFO     Comitting Block to ledger with BlockID : 1#26#2#1#19#9#1#18#1#1#11#5#1#10#8#1#3#4#1#2#0#genesis_id
2021-10-22 14:50:47 INFO     VERIFIED VOTE MESSAGE
2021-10-22 14:50:47 INFO     Node:2 : ***********Processing Vote***************
2021-10-22 14:50:47 INFO     VERIFIED VOTE MESSAGE
2021-10-22 14:50:47 INFO     Node:2 : ***********Processing Vote***************
2021-10-22 14:50:48 INFO     Node:2 : PROCESSING NEW ROUND EVENT
2021-10-22 14:50:49 INFO     Node:3 : PROCESSING NEW ROUND EVENT
2021-10-22 14:50:50 INFO     Node:3 : PROCESSING NEW ROUND EVENT
2021-10-22 14:50:51 INFO     Node:0 : PROCESSING NEW ROUND EVENT
2021-10-22 14:50:52 INFO     Node:0 : PROCESSING NEW ROUND EVENT
2021-10-22 14:50:53 INFO     Node:1 : PROCESSING NEW ROUND EVENT
2021-10-22 14:50:53 INFO     VERIFIED VOTE MESSAGE
2021-10-22 14:50:53 INFO     Node:1 : ***********Processing Vote***************
2021-10-22 14:50:53 INFO     Node:1 : PROCESSING NEW ROUND EVENT
2021-10-22 14:50:53 INFO     VERIFIED VOTE MESSAGE
2021-10-22 14:50:53 INFO     Node:1 : ***********Processing Vote***************
2021-10-22 14:50:53 INFO     VERIFIED VOTE MESSAGE
2021-10-22 14:50:53 INFO     Node:1 : ***********Processing Vote***************
2021-10-22 14:50:53 INFO     VERIFIED VOTE MESSAGE
2021-10-22 14:50:53 INFO     Node:2 : ***********Processing Vote***************
2021-10-22 14:50:53 INFO     VERIFIED VOTE MESSAGE
2021-10-22 14:50:53 INFO     Node:1 : ***********Processing Vote***************
2021-10-22 14:50:53 INFO     Comitting Block to ledger with BlockID : 1#27#6#1#26#2#1#19#9#1#18#1#1#11#5#1#10#8#1#3#4#1#2#0#genesis_id
2021-10-22 14:50:53 INFO     Comitting Block to ledger with BlockID : 1#34#10#1#27#6#1#26#2#1#19#9#1#18#1#1#11#5#1#10#8#1#3#4#1#2#0#genesis_id
2021-10-22 14:50:53 INFO     Node:2 : PROCESSING NEW ROUND EVENT
2021-10-22 14:50:53 INFO     Comitting Block to ledger with BlockID : 1#27#6#1#26#2#1#19#9#1#18#1#1#11#5#1#10#8#1#3#4#1#2#0#genesis_id
2021-10-22 14:50:53 INFO     Comitting Block to ledger with BlockID : 1#27#6#1#26#2#1#19#9#1#18#1#1#11#5#1#10#8#1#3#4#1#2#0#genesis_id
2021-10-22 14:50:53 INFO     VERIFIED VOTE MESSAGE
2021-10-22 14:50:53 INFO     Comitting Block to ledger with BlockID : 1#34#10#1#27#6#1#26#2#1#19#9#1#18#1#1#11#5#1#10#8#1#3#4#1#2#0#genesis_id
2021-10-22 14:50:53 INFO     Comitting Block to ledger with BlockID : 1#27#6#1#26#2#1#19#9#1#18#1#1#11#5#1#10#8#1#3#4#1#2#0#genesis_id
2021-10-22 14:50:53 INFO     Comitting Block to ledger with BlockID : 1#34#10#1#27#6#1#26#2#1#19#9#1#18#1#1#11#5#1#10#8#1#3#4#1#2#0#genesis_id
2021-10-22 14:50:53 INFO     Node:2 : ***********Processing Vote***************
2021-10-22 14:50:53 INFO     Comitting Block to ledger with BlockID : 1#34#10#1#27#6#1#26#2#1#19#9#1#18#1#1#11#5#1#10#8#1#3#4#1#2#0#genesis_id
2021-10-22 14:50:53 INFO     VERIFIED VOTE MESSAGE
2021-10-22 14:50:53 INFO     Node:2 : ***********Processing Vote***************
2021-10-22 14:50:53 INFO     VERIFIED VOTE MESSAGE
2021-10-22 14:50:53 INFO     Node:2 : ***********Processing Vote***************
2021-10-22 14:50:54 INFO     Node:2 : PROCESSING NEW ROUND EVENT
2021-10-22 14:50:55 INFO     Node:3 : PROCESSING NEW ROUND EVENT
2021-10-22 14:50:56 INFO     Node:3 : PROCESSING NEW ROUND EVENT
2021-10-22 14:50:57 INFO     Node:0 : PROCESSING NEW ROUND EVENT
2021-10-22 14:50:58 INFO     Node:0 : PROCESSING NEW ROUND EVENT
2021-10-22 14:50:59 INFO     Node:1 : PROCESSING NEW ROUND EVENT
2021-10-22 14:50:59 INFO     VERIFIED VOTE MESSAGE
2021-10-22 14:50:59 INFO     Node:1 : ***********Processing Vote***************
2021-10-22 14:50:59 INFO     Node:1 : PROCESSING NEW ROUND EVENT
2021-10-22 14:50:59 INFO     VERIFIED VOTE MESSAGE
2021-10-22 14:50:59 INFO     Node:1 : ***********Processing Vote***************
2021-10-22 14:50:59 INFO     VERIFIED VOTE MESSAGE
2021-10-22 14:50:59 INFO     Node:1 : ***********Processing Vote***************
2021-10-22 14:50:59 INFO     VERIFIED VOTE MESSAGE
2021-10-22 14:50:59 INFO     Node:2 : ***********Processing Vote***************
2021-10-22 14:50:59 INFO     VERIFIED VOTE MESSAGE
2021-10-22 14:50:59 INFO     Node:1 : ***********Processing Vote***************
2021-10-22 14:50:59 INFO     Comitting Block to ledger with BlockID : 1#35#7#1#34#10#1#27#6#1#26#2#1#19#9#1#18#1#1#11#5#1#10#8#1#3#4#1#2#0#genesis_id
2021-10-22 14:50:59 INFO     Comitting Block to ledger with BlockID : 1#42#3#1#35#7#1#34#10#1#27#6#1#26#2#1#19#9#1#18#1#1#11#5#1#10#8#1#3#4#1#2#0#genesis_id
2021-10-22 14:50:59 INFO     Node:2 : PROCESSING NEW ROUND EVENT
2021-10-22 14:50:59 INFO     Comitting Block to ledger with BlockID : 1#35#7#1#34#10#1#27#6#1#26#2#1#19#9#1#18#1#1#11#5#1#10#8#1#3#4#1#2#0#genesis_id
2021-10-22 14:50:59 INFO     Comitting Block to ledger with BlockID : 1#35#7#1#34#10#1#27#6#1#26#2#1#19#9#1#18#1#1#11#5#1#10#8#1#3#4#1#2#0#genesis_id
2021-10-22 14:50:59 INFO     VERIFIED VOTE MESSAGE
2021-10-22 14:50:59 INFO     Comitting Block to ledger with BlockID : 1#35#7#1#34#10#1#27#6#1#26#2#1#19#9#1#18#1#1#11#5#1#10#8#1#3#4#1#2#0#genesis_id
2021-10-22 14:50:59 INFO     Comitting Block to ledger with BlockID : 1#42#3#1#35#7#1#34#10#1#27#6#1#26#2#1#19#9#1#18#1#1#11#5#1#10#8#1#3#4#1#2#0#genesis_id
2021-10-22 14:50:59 INFO     Node:2 : ***********Processing Vote***************
2021-10-22 14:50:59 INFO     Comitting Block to ledger with BlockID : 1#42#3#1#35#7#1#34#10#1#27#6#1#26#2#1#19#9#1#18#1#1#11#5#1#10#8#1#3#4#1#2#0#genesis_id
2021-10-22 14:50:59 INFO     Comitting Block to ledger with BlockID : 1#42#3#1#35#7#1#34#10#1#27#6#1#26#2#1#19#9#1#18#1#1#11#5#1#10#8#1#3#4#1#2#0#genesis_id
2021-10-22 14:50:59 INFO     VERIFIED VOTE MESSAGE
2021-10-22 14:50:59 INFO     Node:2 : ***********Processing Vote***************
2021-10-22 14:50:59 INFO     VERIFIED VOTE MESSAGE
2021-10-22 14:50:59 INFO     Node:2 : ***********Processing Vote***************
2021-10-22 14:51:00 INFO     Node:2 : PROCESSING NEW ROUND EVENT
2021-10-22 14:51:02 INFO     Node:3 : PROCESSING NEW ROUND EVENT
2021-10-22 14:51:03 INFO     Node:3 : PROCESSING NEW ROUND EVENT
2021-10-22 14:51:04 INFO     Node:0 : PROCESSING NEW ROUND EVENT
2021-10-22 14:51:05 INFO     Node:0 : PROCESSING NEW ROUND EVENT
2021-10-22 14:51:06 INFO     Node:1 : PROCESSING NEW ROUND EVENT
2021-10-22 14:51:06 INFO     VERIFIED VOTE MESSAGE
2021-10-22 14:51:06 INFO     Node:1 : ***********Processing Vote***************
2021-10-22 14:51:06 INFO     Node:1 : PROCESSING NEW ROUND EVENT
2021-10-22 14:51:06 INFO     VERIFIED VOTE MESSAGE
2021-10-22 14:51:06 INFO     Node:1 : ***********Processing Vote***************
2021-10-22 14:51:06 INFO     VERIFIED VOTE MESSAGE
2021-10-22 14:51:06 INFO     VERIFIED VOTE MESSAGE
2021-10-22 14:51:06 INFO     Node:1 : ***********Processing Vote***************
2021-10-22 14:51:06 INFO     Node:2 : ***********Processing Vote***************
2021-10-22 14:51:06 INFO     VERIFIED VOTE MESSAGE
2021-10-22 14:51:06 INFO     Node:1 : ***********Processing Vote***************
2021-10-22 14:51:06 INFO     Comitting Block to ledger with BlockID : 1#43#11#1#42#3#1#35#7#1#34#10#1#27#6#1#26#2#1#19#9#1#18#1#1#11#5#1#10#8#1#3#4#1#2#0#genesis_id
2021-10-22 14:51:06 INFO     Node:2 : PROCESSING NEW ROUND EVENT
2021-10-22 14:51:06 INFO     Comitting Block to ledger with BlockID : 1#43#11#1#42#3#1#35#7#1#34#10#1#27#6#1#26#2#1#19#9#1#18#1#1#11#5#1#10#8#1#3#4#1#2#0#genesis_id
2021-10-22 14:51:06 INFO     Comitting Block to ledger with BlockID : 1#43#11#1#42#3#1#35#7#1#34#10#1#27#6#1#26#2#1#19#9#1#18#1#1#11#5#1#10#8#1#3#4#1#2#0#genesis_id
2021-10-22 14:51:06 INFO     Comitting Block to ledger with BlockID : 1#43#11#1#42#3#1#35#7#1#34#10#1#27#6#1#26#2#1#19#9#1#18#1#1#11#5#1#10#8#1#3#4#1#2#0#genesis_id
